<?xml version="1.0" encoding="UTF-8"?>
<coverage generated="1778176721341" clover="3.2.0">
  <project timestamp="1778176721342" name="All files">
    <metrics statements="78" coveredstatements="78" conditionals="48" coveredconditionals="46" methods="28" coveredmethods="28" elements="154" coveredelements="152" complexity="0" loc="78" ncloc="78" packages="1" files="4" classes="4"/>
    <file name="darts.ts" path="C:\Users\David Williams\tournament-app\frontend\src\lib\darts.ts">
      <metrics statements="35" coveredstatements="35" conditionals="25" coveredconditionals="23" methods="14" coveredmethods="14"/>
      <line num="4" count="1" type="stmt"/>
      <line num="14" count="1" type="stmt"/>
      <line num="20" count="1" type="stmt"/>
      <line num="82" count="1" type="stmt"/>
      <line num="83" count="35" type="stmt"/>
      <line num="84" count="35" type="cond" truecount="2" falsecount="0"/>
      <line num="85" count="29" type="cond" truecount="5" falsecount="0"/>
      <line num="86" count="26" type="stmt"/>
      <line num="94" count="1" type="stmt"/>
      <line num="99" count="20" type="cond" truecount="2" falsecount="0"/>
      <line num="100" count="4" type="stmt"/>
      <line num="102" count="16" type="stmt"/>
      <line num="109" count="1" type="stmt"/>
      <line num="110" count="5" type="stmt"/>
      <line num="116" count="1" type="stmt"/>
      <line num="117" count="4" type="stmt"/>
      <line num="127" count="1" type="stmt"/>
      <line num="128" count="21" type="cond" truecount="2" falsecount="0"/>
      <line num="129" count="19" type="cond" truecount="2" falsecount="0"/>
      <line num="130" count="16" type="cond" truecount="2" falsecount="0"/>
      <line num="131" count="11" type="cond" truecount="1" falsecount="1"/>
      <line num="144" count="1" type="stmt"/>
      <line num="145" count="7" type="stmt"/>
      <line num="146" count="4" type="cond" truecount="2" falsecount="0"/>
      <line num="147" count="2" type="cond" truecount="1" falsecount="1"/>
      <line num="148" count="2" type="stmt"/>
      <line num="152" count="1" type="stmt"/>
      <line num="153" count="14" type="stmt"/>
      <line num="154" count="4" type="cond" truecount="2" falsecount="0"/>
      <line num="155" count="9" type="stmt"/>
      <line num="156" count="3" type="stmt"/>
      <line num="160" count="1" type="stmt"/>
      <line num="161" count="6" type="cond" truecount="2" falsecount="0"/>
      <line num="165" count="1" type="stmt"/>
      <line num="166" count="5" type="stmt"/>
    </file>
    <file name="pool.ts" path="C:\Users\David Williams\tournament-app\frontend\src\lib\pool.ts">
      <metrics statements="10" coveredstatements="10" conditionals="0" coveredconditionals="0" methods="7" coveredmethods="7"/>
      <line num="15" count="1" type="stmt"/>
      <line num="16" count="7" type="stmt"/>
      <line num="22" count="1" type="stmt"/>
      <line num="23" count="11" type="stmt"/>
      <line num="29" count="1" type="stmt"/>
      <line num="30" count="23" type="stmt"/>
      <line num="37" count="1" type="stmt"/>
      <line num="38" count="24" type="stmt"/>
      <line num="44" count="1" type="stmt"/>
      <line num="45" count="6" type="stmt"/>
    </file>
    <file name="slug.ts" path="C:\Users\David Williams\tournament-app\frontend\src\lib\slug.ts">
      <metrics statements="14" coveredstatements="14" conditionals="11" coveredconditionals="11" methods="1" coveredmethods="1"/>
      <line num="1" count="1" type="stmt"/>
      <line num="17" count="1" type="cond" truecount="1" falsecount="0"/>
      <line num="18" count="29" type="cond" truecount="4" falsecount="0"/>
      <line num="19" count="2" type="stmt"/>
      <line num="22" count="27" type="stmt"/>
      <line num="30" count="27" type="cond" truecount="2" falsecount="0"/>
      <line num="31" count="2" type="stmt"/>
      <line num="34" count="25" type="stmt"/>
      <line num="35" count="25" type="cond" truecount="2" falsecount="0"/>
      <line num="37" count="4" type="stmt"/>
      <line num="38" count="4" type="stmt"/>
      <line num="39" count="9" type="stmt"/>
      <line num="40" count="9" type="cond" truecount="2" falsecount="0"/>
      <line num="41" count="5" type="stmt"/>
    </file>
    <file name="standings.ts" path="C:\Users\David Williams\tournament-app\frontend\src\lib\standings.ts">
      <metrics statements="19" coveredstatements="19" conditionals="12" coveredconditionals="12" methods="6" coveredmethods="6"/>
      <line num="18" count="1" type="stmt"/>
      <line num="19" count="13" type="stmt"/>
      <line num="23" count="1" type="stmt"/>
      <line num="24" count="15" type="stmt"/>
      <line num="30" count="1" type="stmt"/>
      <line num="31" count="6" type="stmt"/>
      <line num="38" count="1" type="stmt"/>
      <line num="44" count="8" type="cond" truecount="2" falsecount="0"/>
      <line num="45" count="8" type="cond" truecount="2" falsecount="0"/>
      <line num="46" count="8" type="cond" truecount="2" falsecount="0"/>
      <line num="47" count="8" type="stmt"/>
      <line num="68" count="1" type="stmt"/>
      <line num="69" count="8" type="stmt"/>
      <line num="70" count="13" type="cond" truecount="2" falsecount="0"/>
      <line num="71" count="6" type="stmt"/>
      <line num="72" count="6" type="stmt"/>
      <line num="73" count="6" type="cond" truecount="2" falsecount="0"/>
      <line num="74" count="5" type="cond" truecount="2" falsecount="0"/>
      <line num="75" count="4" type="stmt"/>
    </file>
  </project>
</coverage>
