{"C:\\Users\\David Williams\\tournament-app\\frontend\\src\\lib\\darts.ts": {"path":"C:\\Users\\David Williams\\tournament-app\\frontend\\src\\lib\\darts.ts","statementMap":{"0":{"start":{"line":82,"column":0},"end":{"line":82,"column":16}},"1":{"start":{"line":94,"column":0},"end":{"line":94,"column":16}},"2":{"start":{"line":109,"column":0},"end":{"line":109,"column":16}},"3":{"start":{"line":116,"column":0},"end":{"line":116,"column":16}},"4":{"start":{"line":127,"column":0},"end":{"line":127,"column":16}},"5":{"start":{"line":144,"column":0},"end":{"line":144,"column":16}},"6":{"start":{"line":152,"column":0},"end":{"line":152,"column":16}},"7":{"start":{"line":160,"column":0},"end":{"line":160,"column":16}},"8":{"start":{"line":165,"column":0},"end":{"line":165,"column":16}},"9":{"start":{"line":4,"column":13},"end":{"line":8,"column":null}},"10":{"start":{"line":14,"column":29},"end":{"line":16,"column":2}},"11":{"start":{"line":20,"column":47},"end":{"line":68,"column":null}},"12":{"start":{"line":83,"column":16},"end":{"line":83,"column":33}},"13":{"start":{"line":84,"column":2},"end":{"line":84,"column":null}},"14":{"start":{"line":84,"column":17},"end":{"line":84,"column":null}},"15":{"start":{"line":85,"column":2},"end":{"line":85,"column":null}},"16":{"start":{"line":85,"column":61},"end":{"line":85,"column":null}},"17":{"start":{"line":86,"column":2},"end":{"line":86,"column":null}},"18":{"start":{"line":99,"column":2},"end":{"line":101,"column":3}},"19":{"start":{"line":100,"column":4},"end":{"line":100,"column":null}},"20":{"start":{"line":102,"column":2},"end":{"line":102,"column":null}},"21":{"start":{"line":110,"column":2},"end":{"line":110,"column":null}},"22":{"start":{"line":117,"column":2},"end":{"line":117,"column":null}},"23":{"start":{"line":128,"column":2},"end":{"line":128,"column":null}},"24":{"start":{"line":128,"column":22},"end":{"line":128,"column":null}},"25":{"start":{"line":129,"column":2},"end":{"line":129,"column":null}},"26":{"start":{"line":129,"column":23},"end":{"line":129,"column":null}},"27":{"start":{"line":130,"column":2},"end":{"line":130,"column":null}},"28":{"start":{"line":130,"column":43},"end":{"line":130,"column":null}},"29":{"start":{"line":131,"column":2},"end":{"line":131,"column":null}},"30":{"start":{"line":145,"column":22},"end":{"line":145,"column":49}},"31":{"start":{"line":145,"column":41},"end":{"line":145,"column":48}},"32":{"start":{"line":146,"column":2},"end":{"line":146,"column":null}},"33":{"start":{"line":146,"column":32},"end":{"line":146,"column":null}},"34":{"start":{"line":147,"column":22},"end":{"line":147,"column":86}},"35":{"start":{"line":148,"column":2},"end":{"line":148,"column":null}},"36":{"start":{"line":153,"column":17},"end":{"line":153,"column":56}},"37":{"start":{"line":153,"column":36},"end":{"line":153,"column":43}},"38":{"start":{"line":154,"column":2},"end":{"line":154,"column":null}},"39":{"start":{"line":154,"column":27},"end":{"line":154,"column":null}},"40":{"start":{"line":155,"column":16},"end":{"line":155,"column":59}},"41":{"start":{"line":155,"column":42},"end":{"line":155,"column":55}},"42":{"start":{"line":156,"column":2},"end":{"line":156,"column":null}},"43":{"start":{"line":161,"column":2},"end":{"line":161,"column":null}},"44":{"start":{"line":161,"column":28},"end":{"line":161,"column":54}},"45":{"start":{"line":166,"column":2},"end":{"line":166,"column":null}},"46":{"start":{"line":166,"column":28},"end":{"line":166,"column":34}}},"fnMap":{"0":{"name":"isBust","decl":{"start":{"line":82,"column":16},"end":{"line":82,"column":22}},"loc":{"start":{"line":82,"column":75},"end":{"line":87,"column":1}}},"1":{"name":"applyScore","decl":{"start":{"line":94,"column":16},"end":{"line":94,"column":26}},"loc":{"start":{"line":97,"column":20},"end":{"line":103,"column":1}}},"2":{"name":"legsToWin","decl":{"start":{"line":109,"column":16},"end":{"line":109,"column":25}},"loc":{"start":{"line":109,"column":40},"end":{"line":111,"column":1}}},"3":{"name":"isMatchComplete","decl":{"start":{"line":116,"column":16},"end":{"line":116,"column":31}},"loc":{"start":{"line":116,"column":67},"end":{"line":118,"column":1}}},"4":{"name":"getCheckout","decl":{"start":{"line":127,"column":16},"end":{"line":127,"column":27}},"loc":{"start":{"line":127,"column":45},"end":{"line":132,"column":1}}},"5":{"name":"threeDartAverage","decl":{"start":{"line":144,"column":16},"end":{"line":144,"column":32}},"loc":{"start":{"line":144,"column":77},"end":{"line":149,"column":1}}},"6":{"name":"(anonymous_6)","decl":{"start":{"line":145,"column":36},"end":{"line":145,"column":37}},"loc":{"start":{"line":145,"column":41},"end":{"line":145,"column":48}}},"7":{"name":"firstNineAverage","decl":{"start":{"line":152,"column":16},"end":{"line":152,"column":32}},"loc":{"start":{"line":152,"column":54},"end":{"line":157,"column":1}}},"8":{"name":"(anonymous_8)","decl":{"start":{"line":153,"column":31},"end":{"line":153,"column":32}},"loc":{"start":{"line":153,"column":36},"end":{"line":153,"column":43}}},"9":{"name":"(anonymous_9)","decl":{"start":{"line":155,"column":30},"end":{"line":155,"column":31}},"loc":{"start":{"line":155,"column":42},"end":{"line":155,"column":55}}},"10":{"name":"count180s","decl":{"start":{"line":160,"column":16},"end":{"line":160,"column":25}},"loc":{"start":{"line":160,"column":47},"end":{"line":162,"column":1}}},"11":{"name":"(anonymous_11)","decl":{"start":{"line":161,"column":23},"end":{"line":161,"column":24}},"loc":{"start":{"line":161,"column":28},"end":{"line":161,"column":54}}},"12":{"name":"countBusts","decl":{"start":{"line":165,"column":16},"end":{"line":165,"column":26}},"loc":{"start":{"line":165,"column":48},"end":{"line":167,"column":1}}},"13":{"name":"(anonymous_13)","decl":{"start":{"line":166,"column":23},"end":{"line":166,"column":24}},"loc":{"start":{"line":166,"column":28},"end":{"line":166,"column":34}}}},"branchMap":{"0":{"loc":{"start":{"line":84,"column":2},"end":{"line":84,"column":null}},"type":"if","locations":[{"start":{"line":84,"column":2},"end":{"line":84,"column":null}},{"start":{},"end":{}}]},"1":{"loc":{"start":{"line":85,"column":2},"end":{"line":85,"column":null}},"type":"if","locations":[{"start":{"line":85,"column":2},"end":{"line":85,"column":null}},{"start":{},"end":{}}]},"2":{"loc":{"start":{"line":85,"column":6},"end":{"line":85,"column":59}},"type":"binary-expr","locations":[{"start":{"line":85,"column":6},"end":{"line":85,"column":17}},{"start":{"line":85,"column":21},"end":{"line":85,"column":30}},{"start":{"line":85,"column":34},"end":{"line":85,"column":59}}]},"3":{"loc":{"start":{"line":99,"column":2},"end":{"line":101,"column":3}},"type":"if","locations":[{"start":{"line":99,"column":2},"end":{"line":101,"column":3}},{"start":{},"end":{}}]},"4":{"loc":{"start":{"line":128,"column":2},"end":{"line":128,"column":null}},"type":"if","locations":[{"start":{"line":128,"column":2},"end":{"line":128,"column":null}},{"start":{},"end":{}}]},"5":{"loc":{"start":{"line":129,"column":2},"end":{"line":129,"column":null}},"type":"if","locations":[{"start":{"line":129,"column":2},"end":{"line":129,"column":null}},{"start":{},"end":{}}]},"6":{"loc":{"start":{"line":130,"column":2},"end":{"line":130,"column":null}},"type":"if","locations":[{"start":{"line":130,"column":2},"end":{"line":130,"column":null}},{"start":{},"end":{}}]},"7":{"loc":{"start":{"line":131,"column":9},"end":{"line":131,"column":42}},"type":"binary-expr","locations":[{"start":{"line":131,"column":9},"end":{"line":131,"column":34}},{"start":{"line":131,"column":38},"end":{"line":131,"column":42}}]},"8":{"loc":{"start":{"line":146,"column":2},"end":{"line":146,"column":null}},"type":"if","locations":[{"start":{"line":146,"column":2},"end":{"line":146,"column":null}},{"start":{},"end":{}}]},"9":{"loc":{"start":{"line":147,"column":39},"end":{"line":147,"column":85}},"type":"binary-expr","locations":[{"start":{"line":147,"column":39},"end":{"line":147,"column":68}},{"start":{"line":147,"column":72},"end":{"line":147,"column":85}}]},"10":{"loc":{"start":{"line":154,"column":2},"end":{"line":154,"column":null}},"type":"if","locations":[{"start":{"line":154,"column":2},"end":{"line":154,"column":null}},{"start":{},"end":{}}]},"11":{"loc":{"start":{"line":161,"column":28},"end":{"line":161,"column":54}},"type":"binary-expr","locations":[{"start":{"line":161,"column":28},"end":{"line":161,"column":35}},{"start":{"line":161,"column":39},"end":{"line":161,"column":54}}]}},"s":{"0":1,"1":1,"2":1,"3":1,"4":1,"5":1,"6":1,"7":1,"8":1,"9":1,"10":1,"11":1,"12":35,"13":35,"14":6,"15":29,"16":3,"17":26,"18":20,"19":4,"20":16,"21":5,"22":4,"23":21,"24":2,"25":19,"26":3,"27":16,"28":5,"29":11,"30":4,"31":7,"32":4,"33":2,"34":2,"35":2,"36":4,"37":14,"38":4,"39":1,"40":3,"41":9,"42":3,"43":2,"44":6,"45":2,"46":5},"f":{"0":35,"1":20,"2":5,"3":4,"4":21,"5":4,"6":7,"7":4,"8":14,"9":9,"10":2,"11":6,"12":2,"13":5},"b":{"0":[6,29],"1":[3,26],"2":[29,13,10],"3":[4,16],"4":[2,19],"5":[3,16],"6":[5,11],"7":[11,0],"8":[2,2],"9":[2,0],"10":[1,3],"11":[6,4]}}
,"C:\\Users\\David Williams\\tournament-app\\frontend\\src\\lib\\pool.ts": {"path":"C:\\Users\\David Williams\\tournament-app\\frontend\\src\\lib\\pool.ts","statementMap":{"0":{"start":{"line":15,"column":0},"end":{"line":15,"column":16}},"1":{"start":{"line":22,"column":0},"end":{"line":22,"column":16}},"2":{"start":{"line":29,"column":0},"end":{"line":29,"column":16}},"3":{"start":{"line":37,"column":0},"end":{"line":37,"column":16}},"4":{"start":{"line":44,"column":0},"end":{"line":44,"column":16}},"5":{"start":{"line":16,"column":2},"end":{"line":16,"column":null}},"6":{"start":{"line":23,"column":2},"end":{"line":23,"column":null}},"7":{"start":{"line":30,"column":2},"end":{"line":30,"column":null}},"8":{"start":{"line":38,"column":2},"end":{"line":38,"column":null}},"9":{"start":{"line":38,"column":28},"end":{"line":38,"column":47}},"10":{"start":{"line":45,"column":2},"end":{"line":45,"column":null}},"11":{"start":{"line":45,"column":28},"end":{"line":45,"column":34}}},"fnMap":{"0":{"name":"legsToWin","decl":{"start":{"line":15,"column":16},"end":{"line":15,"column":25}},"loc":{"start":{"line":15,"column":40},"end":{"line":17,"column":1}}},"1":{"name":"isMatchComplete","decl":{"start":{"line":22,"column":16},"end":{"line":22,"column":31}},"loc":{"start":{"line":22,"column":71},"end":{"line":24,"column":1}}},"2":{"name":"createFrame","decl":{"start":{"line":29,"column":16},"end":{"line":29,"column":27}},"loc":{"start":{"line":29,"column":70},"end":{"line":31,"column":1}}},"3":{"name":"countFramesWon","decl":{"start":{"line":37,"column":16},"end":{"line":37,"column":30}},"loc":{"start":{"line":37,"column":52},"end":{"line":39,"column":1}}},"4":{"name":"(anonymous_4)","decl":{"start":{"line":38,"column":23},"end":{"line":38,"column":24}},"loc":{"start":{"line":38,"column":28},"end":{"line":38,"column":47}}},"5":{"name":"countFouls","decl":{"start":{"line":44,"column":16},"end":{"line":44,"column":26}},"loc":{"start":{"line":44,"column":48},"end":{"line":46,"column":1}}},"6":{"name":"(anonymous_6)","decl":{"start":{"line":45,"column":23},"end":{"line":45,"column":24}},"loc":{"start":{"line":45,"column":28},"end":{"line":45,"column":34}}}},"branchMap":{},"s":{"0":1,"1":1,"2":1,"3":1,"4":1,"5":7,"6":11,"7":23,"8":9,"9":24,"10":3,"11":6},"f":{"0":7,"1":11,"2":23,"3":9,"4":24,"5":3,"6":6},"b":{}}
,"C:\\Users\\David Williams\\tournament-app\\frontend\\src\\lib\\slug.ts": {"path":"C:\\Users\\David Williams\\tournament-app\\frontend\\src\\lib\\slug.ts","statementMap":{"0":{"start":{"line":17,"column":0},"end":{"line":17,"column":16}},"1":{"start":{"line":1,"column":24},"end":{"line":1,"column":26}},"2":{"start":{"line":18,"column":2},"end":{"line":20,"column":3}},"3":{"start":{"line":19,"column":4},"end":{"line":19,"column":null}},"4":{"start":{"line":22,"column":15},"end":{"line":28,"column":30}},"5":{"start":{"line":30,"column":2},"end":{"line":32,"column":3}},"6":{"start":{"line":31,"column":4},"end":{"line":31,"column":null}},"7":{"start":{"line":34,"column":22},"end":{"line":34,"column":39}},"8":{"start":{"line":35,"column":2},"end":{"line":35,"column":null}},"9":{"start":{"line":35,"column":30},"end":{"line":35,"column":null}},"10":{"start":{"line":37,"column":16},"end":{"line":37,"column":17}},"11":{"start":{"line":38,"column":2},"end":{"line":42,"column":3}},"12":{"start":{"line":39,"column":22},"end":{"line":39,"column":42}},"13":{"start":{"line":40,"column":4},"end":{"line":40,"column":null}},"14":{"start":{"line":40,"column":37},"end":{"line":40,"column":null}},"15":{"start":{"line":41,"column":4},"end":{"line":41,"column":null}}},"fnMap":{"0":{"name":"generateSlug","decl":{"start":{"line":17,"column":16},"end":{"line":17,"column":28}},"loc":{"start":{"line":17,"column":66},"end":{"line":43,"column":1}}}},"branchMap":{"0":{"loc":{"start":{"line":17,"column":43},"end":{"line":17,"column":66}},"type":"default-arg","locations":[{"start":{"line":17,"column":64},"end":{"line":17,"column":66}}]},"1":{"loc":{"start":{"line":18,"column":2},"end":{"line":20,"column":3}},"type":"if","locations":[{"start":{"line":18,"column":2},"end":{"line":20,"column":3}},{"start":{},"end":{}}]},"2":{"loc":{"start":{"line":18,"column":6},"end":{"line":18,"column":27}},"type":"binary-expr","locations":[{"start":{"line":18,"column":6},"end":{"line":18,"column":11}},{"start":{"line":18,"column":15},"end":{"line":18,"column":27}}]},"3":{"loc":{"start":{"line":30,"column":2},"end":{"line":32,"column":3}},"type":"if","locations":[{"start":{"line":30,"column":2},"end":{"line":32,"column":3}},{"start":{},"end":{}}]},"4":{"loc":{"start":{"line":35,"column":2},"end":{"line":35,"column":null}},"type":"if","locations":[{"start":{"line":35,"column":2},"end":{"line":35,"column":null}},{"start":{},"end":{}}]},"5":{"loc":{"start":{"line":40,"column":4},"end":{"line":40,"column":null}},"type":"if","locations":[{"start":{"line":40,"column":4},"end":{"line":40,"column":null}},{"start":{},"end":{}}]}},"s":{"0":1,"1":1,"2":29,"3":2,"4":27,"5":27,"6":2,"7":25,"8":25,"9":21,"10":4,"11":4,"12":9,"13":9,"14":4,"15":5},"f":{"0":29},"b":{"0":[23],"1":[2,27],"2":[29,28],"3":[2,25],"4":[21,4],"5":[4,5]}}
,"C:\\Users\\David Williams\\tournament-app\\frontend\\src\\lib\\standings.ts": {"path":"C:\\Users\\David Williams\\tournament-app\\frontend\\src\\lib\\standings.ts","statementMap":{"0":{"start":{"line":18,"column":0},"end":{"line":18,"column":16}},"1":{"start":{"line":23,"column":0},"end":{"line":23,"column":16}},"2":{"start":{"line":30,"column":0},"end":{"line":30,"column":16}},"3":{"start":{"line":38,"column":0},"end":{"line":38,"column":16}},"4":{"start":{"line":68,"column":0},"end":{"line":68,"column":16}},"5":{"start":{"line":19,"column":2},"end":{"line":19,"column":null}},"6":{"start":{"line":24,"column":2},"end":{"line":24,"column":null}},"7":{"start":{"line":31,"column":2},"end":{"line":31,"column":null}},"8":{"start":{"line":44,"column":16},"end":{"line":44,"column":56}},"9":{"start":{"line":45,"column":16},"end":{"line":45,"column":56}},"10":{"start":{"line":46,"column":16},"end":{"line":46,"column":56}},"11":{"start":{"line":47,"column":2},"end":{"line":56,"column":null}},"12":{"start":{"line":69,"column":2},"end":{"line":76,"column":null}},"13":{"start":{"line":70,"column":4},"end":{"line":70,"column":null}},"14":{"start":{"line":70,"column":31},"end":{"line":70,"column":null}},"15":{"start":{"line":71,"column":18},"end":{"line":71,"column":34}},"16":{"start":{"line":72,"column":18},"end":{"line":72,"column":34}},"17":{"start":{"line":73,"column":4},"end":{"line":73,"column":null}},"18":{"start":{"line":73,"column":25},"end":{"line":73,"column":null}},"19":{"start":{"line":74,"column":4},"end":{"line":74,"column":null}},"20":{"start":{"line":74,"column":33},"end":{"line":74,"column":null}},"21":{"start":{"line":75,"column":4},"end":{"line":75,"column":null}}},"fnMap":{"0":{"name":"calculatePoints","decl":{"start":{"line":18,"column":16},"end":{"line":18,"column":31}},"loc":{"start":{"line":18,"column":58},"end":{"line":20,"column":1}}},"1":{"name":"legDifference","decl":{"start":{"line":23,"column":16},"end":{"line":23,"column":29}},"loc":{"start":{"line":23,"column":79},"end":{"line":25,"column":1}}},"2":{"name":"emptyStanding","decl":{"start":{"line":30,"column":16},"end":{"line":30,"column":29}},"loc":{"start":{"line":30,"column":58},"end":{"line":32,"column":1}}},"3":{"name":"applyResult","decl":{"start":{"line":38,"column":16},"end":{"line":38,"column":27}},"loc":{"start":{"line":42,"column":21},"end":{"line":57,"column":1}}},"4":{"name":"sortStandings","decl":{"start":{"line":68,"column":16},"end":{"line":68,"column":29}},"loc":{"start":{"line":68,"column":49},"end":{"line":77,"column":1}}},"5":{"name":"(anonymous_5)","decl":{"start":{"line":69,"column":24},"end":{"line":69,"column":25}},"loc":{"start":{"line":69,"column":33},"end":{"line":76,"column":3}}}},"branchMap":{"0":{"loc":{"start":{"line":44,"column":29},"end":{"line":44,"column":55}},"type":"cond-expr","locations":[{"start":{"line":44,"column":50},"end":{"line":44,"column":51}},{"start":{"line":44,"column":54},"end":{"line":44,"column":55}}]},"1":{"loc":{"start":{"line":45,"column":29},"end":{"line":45,"column":55}},"type":"cond-expr","locations":[{"start":{"line":45,"column":50},"end":{"line":45,"column":51}},{"start":{"line":45,"column":54},"end":{"line":45,"column":55}}]},"2":{"loc":{"start":{"line":46,"column":29},"end":{"line":46,"column":55}},"type":"cond-expr","locations":[{"start":{"line":46,"column":50},"end":{"line":46,"column":51}},{"start":{"line":46,"column":54},"end":{"line":46,"column":55}}]},"3":{"loc":{"start":{"line":70,"column":4},"end":{"line":70,"column":null}},"type":"if","locations":[{"start":{"line":70,"column":4},"end":{"line":70,"column":null}},{"start":{},"end":{}}]},"4":{"loc":{"start":{"line":73,"column":4},"end":{"line":73,"column":null}},"type":"if","locations":[{"start":{"line":73,"column":4},"end":{"line":73,"column":null}},{"start":{},"end":{}}]},"5":{"loc":{"start":{"line":74,"column":4},"end":{"line":74,"column":null}},"type":"if","locations":[{"start":{"line":74,"column":4},"end":{"line":74,"column":null}},{"start":{},"end":{}}]}},"s":{"0":1,"1":1,"2":1,"3":1,"4":1,"5":13,"6":15,"7":6,"8":8,"9":8,"10":8,"11":8,"12":8,"13":13,"14":7,"15":6,"16":6,"17":6,"18":1,"19":5,"20":1,"21":4},"f":{"0":13,"1":15,"2":6,"3":8,"4":8,"5":13},"b":{"0":[4,4],"1":[2,6],"2":[2,6],"3":[7,6],"4":[1,5],"5":[1,4]}}
}
