TN:
SF:src\lib\darts.ts
FN:82,isBust
FN:94,applyScore
FN:109,legsToWin
FN:116,isMatchComplete
FN:127,getCheckout
FN:144,threeDartAverage
FN:145,(anonymous_6)
FN:152,firstNineAverage
FN:153,(anonymous_8)
FN:155,(anonymous_9)
FN:160,count180s
FN:161,(anonymous_11)
FN:165,countBusts
FN:166,(anonymous_13)
FNF:14
FNH:14
FNDA:35,isBust
FNDA:20,applyScore
FNDA:5,legsToWin
FNDA:4,isMatchComplete
FNDA:21,getCheckout
FNDA:4,threeDartAverage
FNDA:7,(anonymous_6)
FNDA:4,firstNineAverage
FNDA:14,(anonymous_8)
FNDA:9,(anonymous_9)
FNDA:2,count180s
FNDA:6,(anonymous_11)
FNDA:2,countBusts
FNDA:5,(anonymous_13)
DA:4,1
DA:14,1
DA:20,1
DA:82,1
DA:83,35
DA:84,35
DA:85,29
DA:86,26
DA:94,1
DA:99,20
DA:100,4
DA:102,16
DA:109,1
DA:110,5
DA:116,1
DA:117,4
DA:127,1
DA:128,21
DA:129,19
DA:130,16
DA:131,11
DA:144,1
DA:145,7
DA:146,4
DA:147,2
DA:148,2
DA:152,1
DA:153,14
DA:154,4
DA:155,9
DA:156,3
DA:160,1
DA:161,6
DA:165,1
DA:166,5
LF:35
LH:35
BRDA:84,0,0,6
BRDA:84,0,1,29
BRDA:85,1,0,3
BRDA:85,1,1,26
BRDA:85,2,0,29
BRDA:85,2,1,13
BRDA:85,2,2,10
BRDA:99,3,0,4
BRDA:99,3,1,16
BRDA:128,4,0,2
BRDA:128,4,1,19
BRDA:129,5,0,3
BRDA:129,5,1,16
BRDA:130,6,0,5
BRDA:130,6,1,11
BRDA:131,7,0,11
BRDA:131,7,1,0
BRDA:146,8,0,2
BRDA:146,8,1,2
BRDA:147,9,0,2
BRDA:147,9,1,0
BRDA:154,10,0,1
BRDA:154,10,1,3
BRDA:161,11,0,6
BRDA:161,11,1,4
BRF:25
BRH:23
end_of_record
TN:
SF:src\lib\pool.ts
FN:15,legsToWin
FN:22,isMatchComplete
FN:29,createFrame
FN:37,countFramesWon
FN:38,(anonymous_4)
FN:44,countFouls
FN:45,(anonymous_6)
FNF:7
FNH:7
FNDA:7,legsToWin
FNDA:11,isMatchComplete
FNDA:23,createFrame
FNDA:9,countFramesWon
FNDA:24,(anonymous_4)
FNDA:3,countFouls
FNDA:6,(anonymous_6)
DA:15,1
DA:16,7
DA:22,1
DA:23,11
DA:29,1
DA:30,23
DA:37,1
DA:38,24
DA:44,1
DA:45,6
LF:10
LH:10
BRF:0
BRH:0
end_of_record
TN:
SF:src\lib\slug.ts
FN:17,generateSlug
FNF:1
FNH:1
FNDA:29,generateSlug
DA:1,1
DA:17,1
DA:18,29
DA:19,2
DA:22,27
DA:30,27
DA:31,2
DA:34,25
DA:35,25
DA:37,4
DA:38,4
DA:39,9
DA:40,9
DA:41,5
LF:14
LH:14
BRDA:17,0,0,23
BRDA:18,1,0,2
BRDA:18,1,1,27
BRDA:18,2,0,29
BRDA:18,2,1,28
BRDA:30,3,0,2
BRDA:30,3,1,25
BRDA:35,4,0,21
BRDA:35,4,1,4
BRDA:40,5,0,4
BRDA:40,5,1,5
BRF:11
BRH:11
end_of_record
TN:
SF:src\lib\standings.ts
FN:18,calculatePoints
FN:23,legDifference
FN:30,emptyStanding
FN:38,applyResult
FN:68,sortStandings
FN:69,(anonymous_5)
FNF:6
FNH:6
FNDA:13,calculatePoints
FNDA:15,legDifference
FNDA:6,emptyStanding
FNDA:8,applyResult
FNDA:8,sortStandings
FNDA:13,(anonymous_5)
DA:18,1
DA:19,13
DA:23,1
DA:24,15
DA:30,1
DA:31,6
DA:38,1
DA:44,8
DA:45,8
DA:46,8
DA:47,8
DA:68,1
DA:69,8
DA:70,13
DA:71,6
DA:72,6
DA:73,6
DA:74,5
DA:75,4
LF:19
LH:19
BRDA:44,0,0,4
BRDA:44,0,1,4
BRDA:45,1,0,2
BRDA:45,1,1,6
BRDA:46,2,0,2
BRDA:46,2,1,6
BRDA:70,3,0,7
BRDA:70,3,1,6
BRDA:73,4,0,1
BRDA:73,4,1,5
BRDA:74,5,0,1
BRDA:74,5,1,4
BRF:12
BRH:12
end_of_record
